<?xml version="1.0" encoding="UTF-8"?>
<testng-results ignored="0" total="1" passed="1" failed="0" skipped="0">
  <reporter-output>
  </reporter-output>
  <suite started-at="2023-02-03T20:12:04 IST" name="Default suite" finished-at="2023-02-03T20:12:06 IST" duration-ms="1604">
    <groups>
    </groups>
    <test started-at="2023-02-03T20:12:04 IST" name="Default test" finished-at="2023-02-03T20:12:06 IST" duration-ms="1604">
      <class name="Test_runner">
        <test-method is-config="true" signature="base_uri()[pri:0, instance:Test_runner@1ab3a8c8]" started-at="2023-02-03T20:12:04 IST" name="base_uri" finished-at="2023-02-03T20:12:04 IST" duration-ms="226" status="PASS">
          <reporter-output>
          </reporter-output>
        </test-method> <!-- base_uri -->
        <test-method signature="annotatio_one()[pri:0, instance:Test_runner@1ab3a8c8]" started-at="2023-02-03T20:12:04 IST" name="annotatio_one" finished-at="2023-02-03T20:12:06 IST" duration-ms="1356" status="PASS">
          <reporter-output>
          </reporter-output>
        </test-method> <!-- annotatio_one -->
      </class> <!-- Test_runner -->
    </test> <!-- Default test -->
  </suite> <!-- Default suite -->
</testng-results>
